2016-07-28 15:46:04 - PHP Notice:  Error: Unknown column 'related_category' in 'field list'<br />Error No: 1054<br />SELECT `related_category` FROM `ar_product` WHERE `product_id` = '164' LIMIT 1 in /var/www/clients/client1/web24/web/system/library/db/mysqli.php on line 41
2016-07-28 15:46:04 - PHP Notice:  Trying to get property of non-object in /var/www/clients/client1/web24/web/vqmod/vqcache/vq2-catalog_model_catalog_product.php on line 11
2016-07-28 15:46:04 - PHP Notice:  Error: You have an error in your SQL syntax; check the manual that corresponds to your MySQL server version for the right syntax to use near '' at line 1<br />Error No: 1064<br />SELECT DISTINCT(p2c.product_id) FROM `ar_product_to_category` p2c LEFT JOIN `ar_product` p ON (p2c.product_id = p.product_id) LEFT JOIN `ar_product_to_store` p2s ON (p.product_id = p2s.product_id) WHERE p2c.category_id IN ('64,89,101,102,111,112') AND p2c.product_id != '164' AND p.status = '1' AND p.date_available <= NOW() AND p2s.store_id = '0' ORDER BY RAND() LIMIT  in /var/www/clients/client1/web24/web/system/library/db/mysqli.php on line 41
2016-07-28 15:46:04 - PHP Notice:  Trying to get property of non-object in /var/www/clients/client1/web24/web/vqmod/vqcache/vq2-catalog_model_catalog_product.php on line 22
2016-07-28 15:46:04 - PHP Warning:  Invalid argument supplied for foreach() in /var/www/clients/client1/web24/web/vqmod/vqcache/vq2-catalog_model_catalog_product.php on line 22
2016-08-01 13:03:48 - PHP Notice:  Undefined variable: text_checkout_nearest_store in /var/www/clients/client1/web24/web/catalog/view/theme/artiszone/template/checkout/checkout.tpl on line 34
2016-08-01 13:03:48 - PHP Notice:  Undefined variable: text_checkout_nearest_store in /var/www/clients/client1/web24/web/catalog/view/theme/artiszone/template/checkout/checkout.tpl on line 101
2016-08-01 13:05:12 - PHP Notice:  Undefined variable: text_checkout_nearest_store in /var/www/clients/client1/web24/web/catalog/view/theme/artiszone/template/checkout/checkout.tpl on line 34
2016-08-01 13:05:12 - PHP Notice:  Undefined variable: text_checkout_nearest_store in /var/www/clients/client1/web24/web/catalog/view/theme/artiszone/template/checkout/checkout.tpl on line 101
2016-08-01 13:06:34 - PHP Notice:  Undefined variable: column_remove in /var/www/clients/client1/web24/web/catalog/view/theme/artiszone/template/checkout/confirm.tpl on line 11
2016-08-01 13:06:34 - PHP Notice:  Undefined index: blongs_to_store in /var/www/clients/client1/web24/web/catalog/view/theme/artiszone/template/checkout/confirm.tpl on line 17
2016-08-01 13:06:34 - PHP Notice:  Undefined variable: text_product_store in /var/www/clients/client1/web24/web/catalog/view/theme/artiszone/template/checkout/confirm.tpl on line 29
2016-08-01 13:06:34 - PHP Notice:  Undefined index: stores_list in /var/www/clients/client1/web24/web/catalog/view/theme/artiszone/template/checkout/confirm.tpl on line 30
2016-08-01 13:06:34 - PHP Warning:  Invalid argument supplied for foreach() in /var/www/clients/client1/web24/web/catalog/view/theme/artiszone/template/checkout/confirm.tpl on line 30
2016-08-01 13:06:34 - PHP Notice:  Undefined index: blongs_to_store in /var/www/clients/client1/web24/web/catalog/view/theme/artiszone/template/checkout/confirm.tpl on line 41
2016-08-01 13:06:34 - PHP Notice:  Undefined variable: button_remove in /var/www/clients/client1/web24/web/catalog/view/theme/artiszone/template/checkout/confirm.tpl on line 43
2016-08-01 13:06:34 - PHP Notice:  Undefined variable: button_continue in /var/www/clients/client1/web24/web/catalog/view/theme/artiszone/template/checkout/confirm.tpl on line 71
2016-08-01 13:06:34 - PHP Notice:  Undefined variable: text_loading in /var/www/clients/client1/web24/web/catalog/view/theme/artiszone/template/checkout/confirm.tpl on line 71
2016-08-01 13:07:37 - PHP Notice:  Undefined variable: text_checkout_nearest_store in /var/www/clients/client1/web24/web/catalog/view/theme/artiszone/template/checkout/checkout.tpl on line 34
2016-08-01 13:07:37 - PHP Notice:  Undefined variable: text_checkout_nearest_store in /var/www/clients/client1/web24/web/catalog/view/theme/artiszone/template/checkout/checkout.tpl on line 101
2016-08-02 5:49:40 - PHP Notice:  Undefined variable: text_checkout_nearest_store in /var/www/clients/client1/web24/web/catalog/view/theme/artiszone/template/checkout/checkout.tpl on line 34
2016-08-02 5:49:40 - PHP Notice:  Undefined variable: text_checkout_nearest_store in /var/www/clients/client1/web24/web/catalog/view/theme/artiszone/template/checkout/checkout.tpl on line 101
2016-08-02 11:47:34 - PHP Notice:  Undefined variable: text_checkout_nearest_store in /var/www/clients/client1/web24/web/catalog/view/theme/artiszone/template/checkout/checkout.tpl on line 35
2016-08-02 11:47:34 - PHP Notice:  Undefined variable: text_checkout_nearest_store in /var/www/clients/client1/web24/web/catalog/view/theme/artiszone/template/checkout/checkout.tpl on line 102
2016-08-02 11:48:55 - PHP Notice:  Undefined variable: text_checkout_nearest_store in /var/www/clients/client1/web24/web/catalog/view/theme/artiszone/template/checkout/checkout.tpl on line 35
2016-08-02 11:48:55 - PHP Notice:  Undefined variable: text_checkout_nearest_store in /var/www/clients/client1/web24/web/catalog/view/theme/artiszone/template/checkout/checkout.tpl on line 102
2016-08-02 11:51:04 - PHP Notice:  Undefined variable: text_checkout_nearest_store in /var/www/clients/client1/web24/web/catalog/view/theme/artiszone/template/checkout/checkout.tpl on line 35
2016-08-02 11:51:04 - PHP Notice:  Undefined variable: text_checkout_nearest_store in /var/www/clients/client1/web24/web/catalog/view/theme/artiszone/template/checkout/checkout.tpl on line 102
2016-08-02 11:54:26 - PHP Notice:  Undefined variable: text_checkout_nearest_store in /var/www/clients/client1/web24/web/catalog/view/theme/artiszone/template/checkout/checkout.tpl on line 35
2016-08-02 11:54:26 - PHP Notice:  Undefined variable: text_checkout_nearest_store in /var/www/clients/client1/web24/web/catalog/view/theme/artiszone/template/checkout/checkout.tpl on line 102
2016-08-02 11:55:13 - PHP Notice:  Undefined variable: text_checkout_nearest_store in /var/www/clients/client1/web24/web/catalog/view/theme/artiszone/template/checkout/checkout.tpl on line 35
2016-08-02 12:32:58 - PHP Notice:  Undefined variable: text_checkout_nearest_store in /var/www/clients/client1/web24/web/catalog/view/theme/artiszone/template/checkout/checkout.tpl on line 35
2016-08-02 12:32:58 - PHP Notice:  Undefined variable: text_checkout_nearest_store in /var/www/clients/client1/web24/web/catalog/view/theme/artiszone/template/checkout/checkout.tpl on line 102
2016-08-02 13:35:18 - PHP Notice:  Undefined variable: text_checkout_nearest_store in /var/www/clients/client1/web24/web/catalog/view/theme/artiszone/template/checkout/checkout.tpl on line 35
2016-08-02 13:35:18 - PHP Notice:  Undefined variable: text_checkout_nearest_store in /var/www/clients/client1/web24/web/catalog/view/theme/artiszone/template/checkout/checkout.tpl on line 102
2016-08-04 15:32:07 - PHP Notice:  Undefined variable: help_entry_category in /var/www/clients/client1/web24/web/admin/view/template/module/fccarousel.tpl on line 58
2016-08-04 15:33:01 - PHP Notice:  Undefined variable: help_entry_category in /var/www/clients/client1/web24/web/admin/view/template/module/fccarousel.tpl on line 58
2016-08-04 15:34:54 - PHP Notice:  Undefined variable: help_entry_category in /var/www/clients/client1/web24/web/admin/view/template/module/fccarousel.tpl on line 58
2016-08-04 15:35:11 - PHP Notice:  Undefined variable: help_entry_category in /var/www/clients/client1/web24/web/admin/view/template/module/fccarousel.tpl on line 58
2016-08-04 15:39:20 - PHP Notice:  Undefined variable: help_entry_category in /var/www/clients/client1/web24/web/admin/view/template/module/fccarousel.tpl on line 58
2016-08-04 15:41:51 - PHP Notice:  Undefined variable: help_entry_category in /var/www/clients/client1/web24/web/admin/view/template/module/fccarousel.tpl on line 58
2016-08-04 15:53:49 - PHP Notice:  Undefined variable: help_entry_category in /var/www/clients/client1/web24/web/admin/view/template/module/fccarousel.tpl on line 58
2016-08-09 13:20:37 - PHP Notice:  Undefined variable: help_entry_category in /var/www/clients/client1/web24/web/admin/view/template/module/fccarousel.tpl on line 58
2016-08-10 11:01:16 - PHP Notice:  Undefined index: points in /var/www/clients/client1/web24/web/vqmod/vqcache/vq2-admin_model_catalog_product.php on line 148
2016-08-11 12:04:56 - PHP Notice:  Undefined variable: help_entry_category in /var/www/clients/client1/web24/web/admin/view/template/module/fccarousel.tpl on line 58
2016-08-11 12:24:51 - PHP Notice:  Undefined variable: help_entry_category in /var/www/clients/client1/web24/web/admin/view/template/module/fccarousel.tpl on line 58
2016-08-11 12:24:59 - PHP Notice:  Undefined variable: help_entry_category in /var/www/clients/client1/web24/web/admin/view/template/module/fccarousel.tpl on line 58
2016-08-15 5:52:37 - PHP Notice:  Undefined variable: text_checkout_nearest_store in /var/www/clients/client1/web24/web/catalog/view/theme/artiszone/template/checkout/checkout.tpl on line 35
2016-08-15 5:52:37 - PHP Notice:  Undefined variable: text_checkout_nearest_store in /var/www/clients/client1/web24/web/catalog/view/theme/artiszone/template/checkout/checkout.tpl on line 102
2016-08-15 5:53:45 - PHP Notice:  Undefined variable: text_checkout_nearest_store in /var/www/clients/client1/web24/web/catalog/view/theme/artiszone/template/checkout/checkout.tpl on line 35
2016-08-15 5:53:45 - PHP Notice:  Undefined variable: text_checkout_nearest_store in /var/www/clients/client1/web24/web/catalog/view/theme/artiszone/template/checkout/checkout.tpl on line 102
2016-08-15 8:56:36 - PHP Notice:  Undefined variable: text_checkout_nearest_store in /var/www/clients/client1/web24/web/catalog/view/theme/artiszone/template/checkout/checkout.tpl on line 35
2016-08-15 8:56:36 - PHP Notice:  Undefined variable: text_checkout_nearest_store in /var/www/clients/client1/web24/web/catalog/view/theme/artiszone/template/checkout/checkout.tpl on line 102
2016-08-15 9:17:46 - PHP Notice:  Undefined variable: text_checkout_nearest_store in /var/www/clients/client1/web24/web/catalog/view/theme/artiszone/template/checkout/checkout.tpl on line 35
2016-08-15 9:17:46 - PHP Notice:  Undefined variable: text_checkout_nearest_store in /var/www/clients/client1/web24/web/catalog/view/theme/artiszone/template/checkout/checkout.tpl on line 102
2016-08-15 9:17:56 - PHP Notice:  Undefined variable: text_checkout_nearest_store in /var/www/clients/client1/web24/web/catalog/view/theme/artiszone/template/checkout/checkout.tpl on line 35
2016-08-15 9:17:56 - PHP Notice:  Undefined variable: text_checkout_nearest_store in /var/www/clients/client1/web24/web/catalog/view/theme/artiszone/template/checkout/checkout.tpl on line 102
2016-08-15 9:18:06 - PHP Notice:  Undefined variable: text_checkout_nearest_store in /var/www/clients/client1/web24/web/catalog/view/theme/artiszone/template/checkout/checkout.tpl on line 35
2016-08-15 9:18:06 - PHP Notice:  Undefined variable: text_checkout_nearest_store in /var/www/clients/client1/web24/web/catalog/view/theme/artiszone/template/checkout/checkout.tpl on line 102
2016-08-15 9:18:37 - PHP Notice:  Undefined variable: text_checkout_nearest_store in /var/www/clients/client1/web24/web/catalog/view/theme/artiszone/template/checkout/checkout.tpl on line 35
2016-08-15 9:18:37 - PHP Notice:  Undefined variable: text_checkout_nearest_store in /var/www/clients/client1/web24/web/catalog/view/theme/artiszone/template/checkout/checkout.tpl on line 102
2016-08-15 9:18:44 - PHP Notice:  Undefined variable: text_checkout_nearest_store in /var/www/clients/client1/web24/web/catalog/view/theme/artiszone/template/checkout/checkout.tpl on line 35
2016-08-15 9:18:44 - PHP Notice:  Undefined variable: text_checkout_nearest_store in /var/www/clients/client1/web24/web/catalog/view/theme/artiszone/template/checkout/checkout.tpl on line 102
2016-08-15 9:35:52 - PHP Notice:  Undefined variable: captcha in /var/www/clients/client1/web24/web/catalog/view/theme/artiszone/template/checkout/register.tpl on line 285
2016-08-15 9:36:08 - PHP Notice:  Undefined variable: captcha in /var/www/clients/client1/web24/web/catalog/view/theme/artiszone/template/checkout/guest.tpl on line 306
2016-08-15 9:45:05 - PHP Notice:  Undefined variable: captcha in /var/www/clients/client1/web24/web/catalog/view/theme/artiszone/template/checkout/guest.tpl on line 306
2016-08-15 12:46:46 - PHP Notice:  Undefined index: cart_id in /var/www/clients/client1/web24/web/catalog/view/theme/artiszone/template/checkout/cart.tpl on line 76
2016-08-15 12:46:46 - PHP Notice:  Undefined index: cart_id in /var/www/clients/client1/web24/web/catalog/view/theme/artiszone/template/checkout/cart.tpl on line 79
2016-08-15 12:46:46 - PHP Notice:  Undefined index: cart_id in /var/www/clients/client1/web24/web/catalog/view/theme/artiszone/template/checkout/cart.tpl on line 76
2016-08-15 12:46:46 - PHP Notice:  Undefined index: cart_id in /var/www/clients/client1/web24/web/catalog/view/theme/artiszone/template/checkout/cart.tpl on line 79
2016-08-15 12:46:46 - PHP Notice:  Undefined variable: modules in /var/www/clients/client1/web24/web/catalog/view/theme/artiszone/template/checkout/cart.tpl on line 103
2016-08-16 11:45:07 - PHP Notice:  Undefined index: email in /var/www/clients/client1/web24/web/catalog/model/module/newsletters.php on line 21
2016-08-16 11:45:07 - PHP Notice:  Undefined index: email in /var/www/clients/client1/web24/web/catalog/model/module/newsletters.php on line 29
2016-08-17 3:08:12 - PHP Notice:  Undefined index: email in /var/www/clients/client1/web24/web/catalog/model/module/newsletters.php on line 21
2016-08-17 8:58:00 - PHP Notice:  Undefined variable: captcha in /var/www/clients/client1/web24/web/catalog/view/theme/artiszone/template/checkout/register.tpl on line 285
2016-08-22 4:36:44 - PHP Warning:  is_dir() expects parameter 1 to be a valid path, string given in /var/www/clients/client1/web24/web/vqmod/vqcache/vq2-system_modification_system_engine_action.php on line 17
2016-08-22 4:36:44 - PHP Warning:  is_file() expects parameter 1 to be a valid path, string given in /var/www/clients/client1/web24/web/vqmod/vqcache/vq2-system_modification_system_engine_action.php on line 27
2016-08-26 13:36:33 - PHP Notice:  Undefined variable: captcha in /var/www/clients/client1/web24/web/catalog/view/theme/artiszone/template/checkout/register.tpl on line 285
2016-08-26 13:39:41 - PHP Notice:  Undefined variable: captcha in /var/www/clients/client1/web24/web/catalog/view/theme/artiszone/template/checkout/register.tpl on line 285
2016-08-26 13:40:39 - PHP Notice:  Undefined index: cart_id in /var/www/clients/client1/web24/web/catalog/view/theme/artiszone/template/checkout/cart.tpl on line 76
2016-08-26 13:40:39 - PHP Notice:  Undefined index: cart_id in /var/www/clients/client1/web24/web/catalog/view/theme/artiszone/template/checkout/cart.tpl on line 79
2016-08-26 13:40:39 - PHP Notice:  Undefined variable: modules in /var/www/clients/client1/web24/web/catalog/view/theme/artiszone/template/checkout/cart.tpl on line 103
2016-08-26 13:46:30 - PHP Notice:  Undefined index: cart_id in /var/www/clients/client1/web24/web/catalog/view/theme/artiszone/template/checkout/cart.tpl on line 76
2016-08-26 13:46:30 - PHP Notice:  Undefined index: cart_id in /var/www/clients/client1/web24/web/catalog/view/theme/artiszone/template/checkout/cart.tpl on line 79
2016-08-26 13:46:30 - PHP Notice:  Undefined variable: modules in /var/www/clients/client1/web24/web/catalog/view/theme/artiszone/template/checkout/cart.tpl on line 103
2016-08-26 13:49:19 - PHP Notice:  Undefined index: cart_id in /var/www/clients/client1/web24/web/catalog/view/theme/artiszone/template/checkout/cart.tpl on line 76
2016-08-26 13:49:19 - PHP Notice:  Undefined index: cart_id in /var/www/clients/client1/web24/web/catalog/view/theme/artiszone/template/checkout/cart.tpl on line 79
2016-08-26 13:49:19 - PHP Notice:  Undefined variable: modules in /var/www/clients/client1/web24/web/catalog/view/theme/artiszone/template/checkout/cart.tpl on line 103
2016-08-26 13:50:53 - PHP Notice:  Undefined index: cart_id in /var/www/clients/client1/web24/web/catalog/view/theme/artiszone/template/checkout/cart.tpl on line 76
2016-08-26 13:50:53 - PHP Notice:  Undefined index: cart_id in /var/www/clients/client1/web24/web/catalog/view/theme/artiszone/template/checkout/cart.tpl on line 79
2016-08-26 13:50:53 - PHP Notice:  Undefined variable: modules in /var/www/clients/client1/web24/web/catalog/view/theme/artiszone/template/checkout/cart.tpl on line 103
2016-08-26 13:52:00 - PHP Notice:  Undefined index: cart_id in /var/www/clients/client1/web24/web/catalog/view/theme/artiszone/template/checkout/cart.tpl on line 76
2016-08-26 13:52:00 - PHP Notice:  Undefined index: cart_id in /var/www/clients/client1/web24/web/catalog/view/theme/artiszone/template/checkout/cart.tpl on line 79
2016-08-26 13:52:00 - PHP Notice:  Undefined variable: modules in /var/www/clients/client1/web24/web/catalog/view/theme/artiszone/template/checkout/cart.tpl on line 103
2016-08-26 14:00:14 - PHP Notice:  Undefined index: cart_id in /var/www/clients/client1/web24/web/catalog/view/theme/artiszone/template/checkout/cart.tpl on line 76
2016-08-26 14:00:14 - PHP Notice:  Undefined index: cart_id in /var/www/clients/client1/web24/web/catalog/view/theme/artiszone/template/checkout/cart.tpl on line 79
2016-08-26 14:00:14 - PHP Notice:  Undefined variable: modules in /var/www/clients/client1/web24/web/catalog/view/theme/artiszone/template/checkout/cart.tpl on line 103
2016-08-29 15:52:52 - PHP Notice:  Undefined index: cart_id in /var/www/clients/client1/web24/web/catalog/view/theme/artiszone/template/checkout/cart.tpl on line 76
2016-08-29 15:52:52 - PHP Notice:  Undefined index: cart_id in /var/www/clients/client1/web24/web/catalog/view/theme/artiszone/template/checkout/cart.tpl on line 79
2016-08-29 15:52:52 - PHP Notice:  Undefined index: cart_id in /var/www/clients/client1/web24/web/catalog/view/theme/artiszone/template/checkout/cart.tpl on line 76
2016-08-29 15:52:52 - PHP Notice:  Undefined index: cart_id in /var/www/clients/client1/web24/web/catalog/view/theme/artiszone/template/checkout/cart.tpl on line 79
2016-08-29 15:52:52 - PHP Notice:  Undefined variable: modules in /var/www/clients/client1/web24/web/catalog/view/theme/artiszone/template/checkout/cart.tpl on line 103
2016-08-29 15:52:56 - PHP Notice:  Undefined index: cart_id in /var/www/clients/client1/web24/web/catalog/view/theme/artiszone/template/checkout/cart.tpl on line 76
2016-08-29 15:52:56 - PHP Notice:  Undefined index: cart_id in /var/www/clients/client1/web24/web/catalog/view/theme/artiszone/template/checkout/cart.tpl on line 79
2016-08-29 15:52:56 - PHP Notice:  Undefined index: cart_id in /var/www/clients/client1/web24/web/catalog/view/theme/artiszone/template/checkout/cart.tpl on line 76
2016-08-29 15:52:56 - PHP Notice:  Undefined index: cart_id in /var/www/clients/client1/web24/web/catalog/view/theme/artiszone/template/checkout/cart.tpl on line 79
2016-08-29 15:52:56 - PHP Notice:  Undefined variable: modules in /var/www/clients/client1/web24/web/catalog/view/theme/artiszone/template/checkout/cart.tpl on line 103
2016-08-29 15:52:59 - PHP Notice:  Undefined index: cart_id in /var/www/clients/client1/web24/web/catalog/view/theme/artiszone/template/checkout/cart.tpl on line 76
2016-08-29 15:52:59 - PHP Notice:  Undefined index: cart_id in /var/www/clients/client1/web24/web/catalog/view/theme/artiszone/template/checkout/cart.tpl on line 79
2016-08-29 15:52:59 - PHP Notice:  Undefined index: cart_id in /var/www/clients/client1/web24/web/catalog/view/theme/artiszone/template/checkout/cart.tpl on line 76
2016-08-29 15:52:59 - PHP Notice:  Undefined index: cart_id in /var/www/clients/client1/web24/web/catalog/view/theme/artiszone/template/checkout/cart.tpl on line 79
2016-08-29 15:52:59 - PHP Notice:  Undefined variable: modules in /var/www/clients/client1/web24/web/catalog/view/theme/artiszone/template/checkout/cart.tpl on line 103
2016-08-29 15:53:02 - PHP Notice:  Undefined index: cart_id in /var/www/clients/client1/web24/web/catalog/view/theme/artiszone/template/checkout/cart.tpl on line 76
2016-08-29 15:53:02 - PHP Notice:  Undefined index: cart_id in /var/www/clients/client1/web24/web/catalog/view/theme/artiszone/template/checkout/cart.tpl on line 79
2016-08-29 15:53:02 - PHP Notice:  Undefined index: cart_id in /var/www/clients/client1/web24/web/catalog/view/theme/artiszone/template/checkout/cart.tpl on line 76
2016-08-29 15:53:02 - PHP Notice:  Undefined index: cart_id in /var/www/clients/client1/web24/web/catalog/view/theme/artiszone/template/checkout/cart.tpl on line 79
2016-08-29 15:53:02 - PHP Notice:  Undefined variable: modules in /var/www/clients/client1/web24/web/catalog/view/theme/artiszone/template/checkout/cart.tpl on line 103
2016-08-29 15:53:05 - PHP Notice:  Undefined index: cart_id in /var/www/clients/client1/web24/web/catalog/view/theme/artiszone/template/checkout/cart.tpl on line 76
2016-08-29 15:53:05 - PHP Notice:  Undefined index: cart_id in /var/www/clients/client1/web24/web/catalog/view/theme/artiszone/template/checkout/cart.tpl on line 79
2016-08-29 15:53:05 - PHP Notice:  Undefined index: cart_id in /var/www/clients/client1/web24/web/catalog/view/theme/artiszone/template/checkout/cart.tpl on line 76
2016-08-29 15:53:05 - PHP Notice:  Undefined index: cart_id in /var/www/clients/client1/web24/web/catalog/view/theme/artiszone/template/checkout/cart.tpl on line 79
2016-08-29 15:53:05 - PHP Notice:  Undefined variable: modules in /var/www/clients/client1/web24/web/catalog/view/theme/artiszone/template/checkout/cart.tpl on line 103
2016-08-29 15:53:06 - PHP Notice:  Undefined index: cart_id in /var/www/clients/client1/web24/web/catalog/view/theme/artiszone/template/checkout/cart.tpl on line 76
2016-08-29 15:53:06 - PHP Notice:  Undefined index: cart_id in /var/www/clients/client1/web24/web/catalog/view/theme/artiszone/template/checkout/cart.tpl on line 79
2016-08-29 15:53:06 - PHP Notice:  Undefined index: cart_id in /var/www/clients/client1/web24/web/catalog/view/theme/artiszone/template/checkout/cart.tpl on line 76
2016-08-29 15:53:06 - PHP Notice:  Undefined index: cart_id in /var/www/clients/client1/web24/web/catalog/view/theme/artiszone/template/checkout/cart.tpl on line 79
2016-08-29 15:53:06 - PHP Notice:  Undefined variable: modules in /var/www/clients/client1/web24/web/catalog/view/theme/artiszone/template/checkout/cart.tpl on line 103
2016-08-29 15:53:08 - PHP Notice:  Undefined index: cart_id in /var/www/clients/client1/web24/web/catalog/view/theme/artiszone/template/checkout/cart.tpl on line 76
2016-08-29 15:53:08 - PHP Notice:  Undefined index: cart_id in /var/www/clients/client1/web24/web/catalog/view/theme/artiszone/template/checkout/cart.tpl on line 79
2016-08-29 15:53:08 - PHP Notice:  Undefined index: cart_id in /var/www/clients/client1/web24/web/catalog/view/theme/artiszone/template/checkout/cart.tpl on line 76
2016-08-29 15:53:08 - PHP Notice:  Undefined index: cart_id in /var/www/clients/client1/web24/web/catalog/view/theme/artiszone/template/checkout/cart.tpl on line 79
2016-08-29 15:53:08 - PHP Notice:  Undefined variable: modules in /var/www/clients/client1/web24/web/catalog/view/theme/artiszone/template/checkout/cart.tpl on line 103
2016-08-29 15:53:10 - PHP Notice:  Undefined index: cart_id in /var/www/clients/client1/web24/web/catalog/view/theme/artiszone/template/checkout/cart.tpl on line 76
2016-08-29 15:53:10 - PHP Notice:  Undefined index: cart_id in /var/www/clients/client1/web24/web/catalog/view/theme/artiszone/template/checkout/cart.tpl on line 79
2016-08-29 15:53:10 - PHP Notice:  Undefined index: cart_id in /var/www/clients/client1/web24/web/catalog/view/theme/artiszone/template/checkout/cart.tpl on line 76
2016-08-29 15:53:10 - PHP Notice:  Undefined index: cart_id in /var/www/clients/client1/web24/web/catalog/view/theme/artiszone/template/checkout/cart.tpl on line 79
2016-08-29 15:53:10 - PHP Notice:  Undefined variable: modules in /var/www/clients/client1/web24/web/catalog/view/theme/artiszone/template/checkout/cart.tpl on line 103
2016-08-29 15:53:12 - PHP Notice:  Undefined index: cart_id in /var/www/clients/client1/web24/web/catalog/view/theme/artiszone/template/checkout/cart.tpl on line 76
2016-08-29 15:53:12 - PHP Notice:  Undefined index: cart_id in /var/www/clients/client1/web24/web/catalog/view/theme/artiszone/template/checkout/cart.tpl on line 79
2016-08-29 15:53:12 - PHP Notice:  Undefined index: cart_id in /var/www/clients/client1/web24/web/catalog/view/theme/artiszone/template/checkout/cart.tpl on line 76
2016-08-29 15:53:12 - PHP Notice:  Undefined index: cart_id in /var/www/clients/client1/web24/web/catalog/view/theme/artiszone/template/checkout/cart.tpl on line 79
2016-08-29 15:53:12 - PHP Notice:  Undefined variable: modules in /var/www/clients/client1/web24/web/catalog/view/theme/artiszone/template/checkout/cart.tpl on line 103
2016-08-29 15:53:13 - PHP Notice:  Undefined index: cart_id in /var/www/clients/client1/web24/web/catalog/view/theme/artiszone/template/checkout/cart.tpl on line 76
2016-08-29 15:53:13 - PHP Notice:  Undefined index: cart_id in /var/www/clients/client1/web24/web/catalog/view/theme/artiszone/template/checkout/cart.tpl on line 79
2016-08-29 15:53:13 - PHP Notice:  Undefined index: cart_id in /var/www/clients/client1/web24/web/catalog/view/theme/artiszone/template/checkout/cart.tpl on line 76
2016-08-29 15:53:13 - PHP Notice:  Undefined index: cart_id in /var/www/clients/client1/web24/web/catalog/view/theme/artiszone/template/checkout/cart.tpl on line 79
2016-08-29 15:53:13 - PHP Notice:  Undefined variable: modules in /var/www/clients/client1/web24/web/catalog/view/theme/artiszone/template/checkout/cart.tpl on line 103
2016-08-29 15:54:24 - PHP Notice:  Undefined index: cart_id in /var/www/clients/client1/web24/web/catalog/view/theme/artiszone/template/checkout/cart.tpl on line 76
2016-08-29 15:54:24 - PHP Notice:  Undefined index: cart_id in /var/www/clients/client1/web24/web/catalog/view/theme/artiszone/template/checkout/cart.tpl on line 79
2016-08-29 15:54:24 - PHP Notice:  Undefined index: cart_id in /var/www/clients/client1/web24/web/catalog/view/theme/artiszone/template/checkout/cart.tpl on line 76
2016-08-29 15:54:24 - PHP Notice:  Undefined index: cart_id in /var/www/clients/client1/web24/web/catalog/view/theme/artiszone/template/checkout/cart.tpl on line 79
2016-08-29 15:54:24 - PHP Notice:  Undefined variable: modules in /var/www/clients/client1/web24/web/catalog/view/theme/artiszone/template/checkout/cart.tpl on line 103
2016-08-29 15:54:38 - PHP Notice:  Undefined index: cart_id in /var/www/clients/client1/web24/web/catalog/view/theme/artiszone/template/checkout/cart.tpl on line 76
2016-08-29 15:54:38 - PHP Notice:  Undefined index: cart_id in /var/www/clients/client1/web24/web/catalog/view/theme/artiszone/template/checkout/cart.tpl on line 79
2016-08-29 15:54:38 - PHP Notice:  Undefined index: cart_id in /var/www/clients/client1/web24/web/catalog/view/theme/artiszone/template/checkout/cart.tpl on line 76
2016-08-29 15:54:38 - PHP Notice:  Undefined index: cart_id in /var/www/clients/client1/web24/web/catalog/view/theme/artiszone/template/checkout/cart.tpl on line 79
2016-08-29 15:54:38 - PHP Notice:  Undefined variable: modules in /var/www/clients/client1/web24/web/catalog/view/theme/artiszone/template/checkout/cart.tpl on line 103
2016-08-29 15:54:42 - PHP Notice:  Undefined index: cart_id in /var/www/clients/client1/web24/web/catalog/view/theme/artiszone/template/checkout/cart.tpl on line 76
2016-08-29 15:54:42 - PHP Notice:  Undefined index: cart_id in /var/www/clients/client1/web24/web/catalog/view/theme/artiszone/template/checkout/cart.tpl on line 79
2016-08-29 15:54:42 - PHP Notice:  Undefined index: cart_id in /var/www/clients/client1/web24/web/catalog/view/theme/artiszone/template/checkout/cart.tpl on line 76
2016-08-29 15:54:42 - PHP Notice:  Undefined index: cart_id in /var/www/clients/client1/web24/web/catalog/view/theme/artiszone/template/checkout/cart.tpl on line 79
2016-08-29 15:54:42 - PHP Notice:  Undefined variable: modules in /var/www/clients/client1/web24/web/catalog/view/theme/artiszone/template/checkout/cart.tpl on line 103
2016-08-29 15:54:45 - PHP Notice:  Undefined index: cart_id in /var/www/clients/client1/web24/web/catalog/view/theme/artiszone/template/checkout/cart.tpl on line 76
2016-08-29 15:54:45 - PHP Notice:  Undefined index: cart_id in /var/www/clients/client1/web24/web/catalog/view/theme/artiszone/template/checkout/cart.tpl on line 79
2016-08-29 15:54:45 - PHP Notice:  Undefined index: cart_id in /var/www/clients/client1/web24/web/catalog/view/theme/artiszone/template/checkout/cart.tpl on line 76
2016-08-29 15:54:45 - PHP Notice:  Undefined index: cart_id in /var/www/clients/client1/web24/web/catalog/view/theme/artiszone/template/checkout/cart.tpl on line 79
2016-08-29 15:54:45 - PHP Notice:  Undefined variable: modules in /var/www/clients/client1/web24/web/catalog/view/theme/artiszone/template/checkout/cart.tpl on line 103
2016-08-29 15:54:52 - PHP Notice:  Undefined index: cart_id in /var/www/clients/client1/web24/web/catalog/view/theme/artiszone/template/checkout/cart.tpl on line 76
2016-08-29 15:54:52 - PHP Notice:  Undefined index: cart_id in /var/www/clients/client1/web24/web/catalog/view/theme/artiszone/template/checkout/cart.tpl on line 79
2016-08-29 15:54:52 - PHP Notice:  Undefined index: cart_id in /var/www/clients/client1/web24/web/catalog/view/theme/artiszone/template/checkout/cart.tpl on line 76
2016-08-29 15:54:52 - PHP Notice:  Undefined index: cart_id in /var/www/clients/client1/web24/web/catalog/view/theme/artiszone/template/checkout/cart.tpl on line 79
2016-08-29 15:54:52 - PHP Notice:  Undefined variable: modules in /var/www/clients/client1/web24/web/catalog/view/theme/artiszone/template/checkout/cart.tpl on line 103
2016-08-29 15:54:58 - PHP Notice:  Undefined index: cart_id in /var/www/clients/client1/web24/web/catalog/view/theme/artiszone/template/checkout/cart.tpl on line 76
2016-08-29 15:54:58 - PHP Notice:  Undefined index: cart_id in /var/www/clients/client1/web24/web/catalog/view/theme/artiszone/template/checkout/cart.tpl on line 79
2016-08-29 15:54:58 - PHP Notice:  Undefined index: cart_id in /var/www/clients/client1/web24/web/catalog/view/theme/artiszone/template/checkout/cart.tpl on line 76
2016-08-29 15:54:58 - PHP Notice:  Undefined index: cart_id in /var/www/clients/client1/web24/web/catalog/view/theme/artiszone/template/checkout/cart.tpl on line 79
2016-08-29 15:54:58 - PHP Notice:  Undefined variable: modules in /var/www/clients/client1/web24/web/catalog/view/theme/artiszone/template/checkout/cart.tpl on line 103
2016-08-29 15:55:03 - PHP Notice:  Undefined index: cart_id in /var/www/clients/client1/web24/web/catalog/view/theme/artiszone/template/checkout/cart.tpl on line 76
2016-08-29 15:55:03 - PHP Notice:  Undefined index: cart_id in /var/www/clients/client1/web24/web/catalog/view/theme/artiszone/template/checkout/cart.tpl on line 79
2016-08-29 15:55:03 - PHP Notice:  Undefined variable: modules in /var/www/clients/client1/web24/web/catalog/view/theme/artiszone/template/checkout/cart.tpl on line 103
2016-08-29 15:55:25 - PHP Notice:  Undefined index: cart_id in /var/www/clients/client1/web24/web/catalog/view/theme/artiszone/template/checkout/cart.tpl on line 76
2016-08-29 15:55:25 - PHP Notice:  Undefined index: cart_id in /var/www/clients/client1/web24/web/catalog/view/theme/artiszone/template/checkout/cart.tpl on line 79
2016-08-29 15:55:25 - PHP Notice:  Undefined variable: modules in /var/www/clients/client1/web24/web/catalog/view/theme/artiszone/template/checkout/cart.tpl on line 103
2016-08-29 17:40:19 - PHP Notice:  Undefined index: cart_id in /var/www/clients/client1/web24/web/catalog/view/theme/artiszone/template/checkout/cart.tpl on line 76
2016-08-29 17:40:19 - PHP Notice:  Undefined index: cart_id in /var/www/clients/client1/web24/web/catalog/view/theme/artiszone/template/checkout/cart.tpl on line 79
2016-08-29 17:40:19 - PHP Notice:  Undefined index: cart_id in /var/www/clients/client1/web24/web/catalog/view/theme/artiszone/template/checkout/cart.tpl on line 76
2016-08-29 17:40:19 - PHP Notice:  Undefined index: cart_id in /var/www/clients/client1/web24/web/catalog/view/theme/artiszone/template/checkout/cart.tpl on line 79
2016-08-29 17:40:19 - PHP Notice:  Undefined variable: modules in /var/www/clients/client1/web24/web/catalog/view/theme/artiszone/template/checkout/cart.tpl on line 103
2016-08-29 17:40:23 - PHP Notice:  Undefined index: cart_id in /var/www/clients/client1/web24/web/catalog/view/theme/artiszone/template/checkout/cart.tpl on line 76
2016-08-29 17:40:23 - PHP Notice:  Undefined index: cart_id in /var/www/clients/client1/web24/web/catalog/view/theme/artiszone/template/checkout/cart.tpl on line 79
2016-08-29 17:40:23 - PHP Notice:  Undefined index: cart_id in /var/www/clients/client1/web24/web/catalog/view/theme/artiszone/template/checkout/cart.tpl on line 76
2016-08-29 17:40:23 - PHP Notice:  Undefined index: cart_id in /var/www/clients/client1/web24/web/catalog/view/theme/artiszone/template/checkout/cart.tpl on line 79
2016-08-29 17:40:23 - PHP Notice:  Undefined variable: modules in /var/www/clients/client1/web24/web/catalog/view/theme/artiszone/template/checkout/cart.tpl on line 103
2016-08-29 17:40:26 - PHP Notice:  Undefined index: cart_id in /var/www/clients/client1/web24/web/catalog/view/theme/artiszone/template/checkout/cart.tpl on line 76
2016-08-29 17:40:26 - PHP Notice:  Undefined index: cart_id in /var/www/clients/client1/web24/web/catalog/view/theme/artiszone/template/checkout/cart.tpl on line 79
2016-08-29 17:40:26 - PHP Notice:  Undefined index: cart_id in /var/www/clients/client1/web24/web/catalog/view/theme/artiszone/template/checkout/cart.tpl on line 76
2016-08-29 17:40:26 - PHP Notice:  Undefined index: cart_id in /var/www/clients/client1/web24/web/catalog/view/theme/artiszone/template/checkout/cart.tpl on line 79
2016-08-29 17:40:26 - PHP Notice:  Undefined variable: modules in /var/www/clients/client1/web24/web/catalog/view/theme/artiszone/template/checkout/cart.tpl on line 103
2016-08-29 17:40:38 - PHP Notice:  Undefined index: cart_id in /var/www/clients/client1/web24/web/catalog/view/theme/artiszone/template/checkout/cart.tpl on line 76
2016-08-29 17:40:38 - PHP Notice:  Undefined index: cart_id in /var/www/clients/client1/web24/web/catalog/view/theme/artiszone/template/checkout/cart.tpl on line 79
2016-08-29 17:40:38 - PHP Notice:  Undefined variable: modules in /var/www/clients/client1/web24/web/catalog/view/theme/artiszone/template/checkout/cart.tpl on line 103
2016-08-29 17:42:17 - PHP Notice:  Undefined index: cart_id in /var/www/clients/client1/web24/web/catalog/view/theme/artiszone/template/checkout/cart.tpl on line 76
2016-08-29 17:42:17 - PHP Notice:  Undefined index: cart_id in /var/www/clients/client1/web24/web/catalog/view/theme/artiszone/template/checkout/cart.tpl on line 79
2016-08-29 17:42:17 - PHP Notice:  Undefined index: cart_id in /var/www/clients/client1/web24/web/catalog/view/theme/artiszone/template/checkout/cart.tpl on line 76
2016-08-29 17:42:17 - PHP Notice:  Undefined index: cart_id in /var/www/clients/client1/web24/web/catalog/view/theme/artiszone/template/checkout/cart.tpl on line 79
2016-08-29 17:42:17 - PHP Notice:  Undefined index: cart_id in /var/www/clients/client1/web24/web/catalog/view/theme/artiszone/template/checkout/cart.tpl on line 76
2016-08-29 17:42:17 - PHP Notice:  Undefined index: cart_id in /var/www/clients/client1/web24/web/catalog/view/theme/artiszone/template/checkout/cart.tpl on line 79
2016-08-29 17:42:17 - PHP Notice:  Undefined variable: modules in /var/www/clients/client1/web24/web/catalog/view/theme/artiszone/template/checkout/cart.tpl on line 103
